-outxml
-source
1.6
-target
1.6
-classpath
/Users/trisberg/.m2/repository/aopalliance/aopalliance/1.0/aopalliance-1.0.jar:/Users/trisberg/.m2/repository/asm/asm/3.1/asm-3.1.jar:/Users/trisberg/.m2/repository/cglib/cglib/2.2/cglib-2.2.jar:/Users/trisberg/.m2/repository/cglib/cglib-nodep/2.2/cglib-nodep-2.2.jar:/Users/trisberg/.m2/repository/commons-logging/commons-logging/1.1.1/commons-logging-1.1.1.jar:/Users/trisberg/.m2/repository/javax/validation/validation-api/1.0.0.GA/validation-api-1.0.0.GA.jar:/Users/trisberg/.m2/repository/junit/junit/4.7/junit-4.7.jar:/Users/trisberg/.m2/repository/log4j/log4j/1.2.14/log4j-1.2.14.jar:/Users/trisberg/.m2/repository/org/apache/geronimo/specs/geronimo-jta_1.1_spec/1.1.1/geronimo-jta_1.1_spec-1.1.1.jar:/Users/trisberg/.m2/repository/org/apache/servicemix/bundles/org.apache.servicemix.bundles.lucene/3.0.1_2/org.apache.servicemix.bundles.lucene-3.0.1_2.jar:/Users/trisberg/.m2/repository/org/aspectj/aspectjrt/1.6.11.RELEASE/aspectjrt-1.6.11.RELEASE.jar:/Users/trisberg/.m2/repository/org/hibernate/javax/persistence/hibernate-jpa-2.0-api/1.0.0.Final/hibernate-jpa-2.0-api-1.0.0.Final.jar:/Users/trisberg/.m2/repository/org/neo4j/neo4j/1.3/neo4j-1.3.jar:/Users/trisberg/.m2/repository/org/neo4j/neo4j-graph-algo/1.3/neo4j-graph-algo-1.3.jar:/Users/trisberg/.m2/repository/org/neo4j/neo4j-jmx/1.3/neo4j-jmx-1.3.jar:/Users/trisberg/.m2/repository/org/neo4j/neo4j-kernel/1.3/neo4j-kernel-1.3.jar:/Users/trisberg/.m2/repository/org/neo4j/neo4j-lucene-index/1.3/neo4j-lucene-index-1.3.jar:/Users/trisberg/.m2/repository/org/neo4j/neo4j-udc/1.3/neo4j-udc-1.3.jar:/Users/trisberg/.m2/repository/org/slf4j/jcl-over-slf4j/1.5.10/jcl-over-slf4j-1.5.10.jar:/Users/trisberg/.m2/repository/org/slf4j/slf4j-api/1.5.10/slf4j-api-1.5.10.jar:/Users/trisberg/.m2/repository/org/springframework/spring-aop/3.0.5.RELEASE/spring-aop-3.0.5.RELEASE.jar:/Users/trisberg/.m2/repository/org/springframework/spring-asm/3.0.5.RELEASE/spring-asm-3.0.5.RELEASE.jar:/Users/trisberg/.m2/repository/org/springframework/spring-aspects/3.0.5.RELEASE/spring-aspects-3.0.5.RELEASE.jar:/Users/trisberg/.m2/repository/org/springframework/spring-beans/3.0.5.RELEASE/spring-beans-3.0.5.RELEASE.jar:/Users/trisberg/.m2/repository/org/springframework/spring-context/3.0.5.RELEASE/spring-context-3.0.5.RELEASE.jar:/Users/trisberg/.m2/repository/org/springframework/spring-context-support/3.0.5.RELEASE/spring-context-support-3.0.5.RELEASE.jar:/Users/trisberg/.m2/repository/org/springframework/spring-core/3.0.5.RELEASE/spring-core-3.0.5.RELEASE.jar:/Users/trisberg/.m2/repository/org/springframework/spring-expression/3.0.5.RELEASE/spring-expression-3.0.5.RELEASE.jar:/Users/trisberg/.m2/repository/org/springframework/spring-jdbc/3.0.5.RELEASE/spring-jdbc-3.0.5.RELEASE.jar:/Users/trisberg/.m2/repository/org/springframework/spring-orm/3.0.5.RELEASE/spring-orm-3.0.5.RELEASE.jar:/Users/trisberg/.m2/repository/org/springframework/spring-test/3.0.5.RELEASE/spring-test-3.0.5.RELEASE.jar:/Users/trisberg/.m2/repository/org/springframework/spring-tx/3.0.5.RELEASE/spring-tx-3.0.5.RELEASE.jar:/Users/trisberg/.m2/repository/org/springframework/data/spring-data-commons-core/1.0.0.RELEASE/spring-data-commons-core-1.0.0.RELEASE.jar:/Users/trisberg/.m2/repository/org/springframework/data/spring-data-graph-core/1.0.0.RELEASE/spring-data-graph-core-1.0.0.RELEASE.jar:/Users/trisberg/.m2/repository/org/springframework/data/spring-data-neo4j/1.0.0.RELEASE/spring-data-neo4j-1.0.0.RELEASE.jar:/Users/trisberg/Projects/github/trisberg/spring-data-samples/data-graph/target/classes
-aspectpath
/Users/trisberg/.m2/repository/org/springframework/spring-aspects/3.0.5.RELEASE/spring-aspects-3.0.5.RELEASE.jar:/Users/trisberg/.m2/repository/org/springframework/data/spring-data-neo4j/1.0.0.RELEASE/spring-data-neo4j-1.0.0.RELEASE.jar
-d
/Users/trisberg/Projects/github/trisberg/spring-data-samples/data-graph/target/classes
/Users/trisberg/Projects/github/trisberg/spring-data-samples/data-graph/src/main/java/core/MyNeo4jConfiguration.java
/Users/trisberg/Projects/github/trisberg/spring-data-samples/data-graph/src/main/java/demo/transaction/TxDemo.java
/Users/trisberg/Projects/github/trisberg/spring-data-samples/data-graph/src/main/java/demo/transaction/PersonService.java
/Users/trisberg/Projects/github/trisberg/spring-data-samples/data-graph/src/main/java/demo/repository/Neo4jDemo.java
/Users/trisberg/Projects/github/trisberg/spring-data-samples/data-graph/src/main/java/core/Person.java
/Users/trisberg/Projects/github/trisberg/spring-data-samples/data-graph/src/main/java/core/PersonRepository.java
/Users/trisberg/Projects/github/trisberg/spring-data-samples/data-graph/src/main/java/core/Neo4jPersonRepository.java
/Users/trisberg/Projects/github/trisberg/spring-data-samples/data-graph/src/main/java/demo/transaction/OtherService.java
/Users/trisberg/Projects/github/trisberg/spring-data-samples/data-graph/src/main/java/util/Neo4jTestUtils.java
